TN:
SF:src\lib\mappers.ts
FN:6,cacheUsers
FN:7,(anonymous_1)
FN:10,getUserName
FN:15,mapUser
FN:26,parseAttachments
FN:32,formatTicketId
FN:37,mapTicket
FN:63,mapComment
FN:77,mapAuditLog
FNF:9
FNH:0
FNDA:0,cacheUsers
FNDA:0,(anonymous_1)
FNDA:0,getUserName
FNDA:0,mapUser
FNDA:0,parseAttachments
FNDA:0,formatTicketId
FNDA:0,mapTicket
FNDA:0,mapComment
FNDA:0,mapAuditLog
DA:4,1
DA:7,0
DA:11,0
DA:12,0
DA:16,0
DA:17,0
DA:27,0
DA:28,0
DA:29,0
DA:33,0
DA:34,0
DA:39,0
DA:41,0
DA:64,0
DA:65,0
DA:78,0
LF:16
LH:1
BRDA:11,0,0,0
BRDA:11,0,1,0
BRDA:22,1,0,0
BRDA:22,1,1,0
BRDA:27,2,0,0
BRDA:27,2,1,0
BRDA:28,3,0,0
BRDA:28,3,1,0
BRDA:33,4,0,0
BRDA:33,4,1,0
BRDA:39,5,0,0
BRDA:39,5,1,0
BRDA:39,5,2,0
BRDA:50,6,0,0
BRDA:50,6,1,0
BRDA:51,7,0,0
BRDA:51,7,1,0
BRDA:55,8,0,0
BRDA:55,8,1,0
BRDA:57,9,0,0
BRDA:57,9,1,0
BRDA:59,10,0,0
BRDA:59,10,1,0
BRDA:64,11,0,0
BRDA:64,11,1,0
BRDA:69,12,0,0
BRDA:69,12,1,0
BRDA:70,13,0,0
BRDA:70,13,1,0
BRDA:86,14,0,0
BRDA:86,14,1,0
BRDA:87,15,0,0
BRDA:87,15,1,0
BRF:33
BRH:0
end_of_record
TN:
SF:src\lib\sla.ts
FN:15,computeSLADeadlines
FN:26,isSLABreached
FNF:2
FNH:2
FNDA:35,computeSLADeadlines
FNDA:28,isSLABreached
DA:8,2
DA:16,35
DA:17,35
DA:18,35
DA:19,35
DA:27,28
DA:28,24
LF:7
LH:7
BRDA:15,0,0,35
BRDA:26,1,0,28
BRDA:27,2,0,4
BRDA:27,2,1,24
BRF:4
BRH:4
end_of_record
TN:
SF:src\lib\stateMachine.ts
FN:13,canTransition
FN:23,getAllowedTransitions
FN:40,getTransitionAction
FN:52,validateTransition
FNF:4
FNH:4
FNDA:532,canTransition
FNDA:88,getAllowedTransitions
FNDA:13,getTransitionAction
FNDA:117,validateTransition
DA:3,2
DA:14,532
DA:15,199
DA:17,333
DA:18,333
DA:20,0
DA:24,88
DA:25,29
DA:27,59
DA:30,2
DA:41,13
DA:49,13
DA:57,117
DA:58,8
DA:60,109
DA:61,90
DA:66,19
LF:17
LH:16
BRDA:14,0,0,199
BRDA:14,0,1,333
BRDA:15,1,0,199
BRDA:15,1,1,29
BRDA:17,2,0,333
BRDA:17,2,1,0
BRDA:17,3,0,333
BRDA:17,3,1,115
BRDA:18,4,0,333
BRDA:18,4,1,0
BRDA:24,5,0,29
BRDA:24,5,1,59
BRDA:25,6,0,4
BRDA:25,6,1,25
BRDA:27,7,0,59
BRDA:27,7,1,0
BRDA:49,8,0,13
BRDA:49,8,1,0
BRDA:57,9,0,8
BRDA:57,9,1,109
BRDA:60,10,0,90
BRDA:60,10,1,19
BRF:22
BRH:18
end_of_record
TN:
SF:src\services\auditService.ts
FN:16,insertAuditLog
FNF:1
FNH:0
FNDA:0,insertAuditLog
DA:17,0
DA:28,0
DA:29,0
DA:30,0
DA:32,0
DA:35,0
LF:6
LH:0
BRDA:24,0,0,0
BRDA:24,0,1,0
BRDA:25,1,0,0
BRDA:25,1,1,0
BRDA:28,2,0,0
BRDA:28,2,1,0
BRF:6
BRH:0
end_of_record
TN:
SF:src\services\ticketService.ts
FN:10,loadUserDirectory
FN:17,fetchTicketsForUser
FN:39,(anonymous_2)
FN:42,(anonymous_3)
FN:48,(anonymous_4)
FN:52,fetchMessagesForTickets
FN:66,(anonymous_6)
FN:68,(anonymous_7)
FN:71,(anonymous_8)
FN:74,createTicket
FN:136,updateTicketStatus
FN:172,updateTicketPriority
FN:207,assignTicketToAgent
FN:243,addComment
FN:280,softDeleteTicket
FN:296,(anonymous_15)
FN:302,fetchAuditLogs
FN:316,refreshSLABreaches
FN:317,(anonymous_18)
FN:320,(anonymous_19)
FNF:20
FNH:3
FNDA:0,loadUserDirectory
FNDA:0,fetchTicketsForUser
FNDA:0,(anonymous_2)
FNDA:0,(anonymous_3)
FNDA:0,(anonymous_4)
FNDA:0,fetchMessagesForTickets
FNDA:0,(anonymous_6)
FNDA:0,(anonymous_7)
FNDA:0,(anonymous_8)
FNDA:0,createTicket
FNDA:0,updateTicketStatus
FNDA:2,updateTicketPriority
FNDA:2,assignTicketToAgent
FNDA:0,addComment
FNDA:2,softDeleteTicket
FNDA:0,(anonymous_15)
FNDA:0,fetchAuditLogs
FNDA:0,refreshSLABreaches
FNDA:0,(anonymous_18)
FNDA:0,(anonymous_19)
DA:11,0
DA:12,0
DA:13,0
DA:18,0
DA:19,0
DA:21,0
DA:27,0
DA:28,0
DA:29,0
DA:30,0
DA:33,0
DA:34,0
DA:35,0
DA:38,0
DA:39,0
DA:41,0
DA:42,0
DA:44,0
DA:47,0
DA:48,0
DA:53,0
DA:55,0
DA:56,0
DA:58,0
DA:65,0
DA:66,0
DA:68,0
DA:71,0
DA:84,0
DA:85,0
DA:87,0
DA:88,0
DA:108,0
DA:109,0
DA:110,0
DA:113,0
DA:114,0
DA:131,0
DA:132,0
DA:141,0
DA:142,0
DA:143,0
DA:146,0
DA:147,0
DA:149,0
DA:150,0
DA:161,0
DA:162,0
DA:163,0
DA:165,0
DA:166,0
DA:167,0
DA:168,0
DA:177,2
DA:178,2
DA:181,0
DA:183,0
DA:184,0
DA:197,0
DA:198,0
DA:199,0
DA:201,0
DA:202,0
DA:203,0
DA:213,2
DA:214,2
DA:218,0
DA:220,2
DA:221,2
DA:232,0
DA:233,0
DA:234,0
DA:236,0
DA:237,0
DA:238,0
DA:239,0
DA:249,0
DA:250,0
DA:261,0
DA:262,0
DA:263,0
DA:265,0
DA:275,0
DA:276,0
DA:284,2
DA:285,2
DA:288,0
DA:289,0
DA:294,0
DA:296,0
DA:297,0
DA:299,0
DA:303,0
DA:304,0
DA:310,0
DA:311,0
DA:313,0
DA:317,0
DA:318,0
DA:319,0
DA:321,0
LF:101
LH:8
BRDA:13,0,0,0
BRDA:13,0,1,0
BRDA:27,1,0,0
BRDA:27,1,1,0
BRDA:29,2,0,0
BRDA:29,2,1,0
BRDA:34,3,0,0
BRDA:34,3,1,0
BRDA:35,4,0,0
BRDA:35,4,1,0
BRDA:35,5,0,0
BRDA:35,5,1,0
BRDA:38,6,0,0
BRDA:38,6,1,0
BRDA:39,7,0,0
BRDA:39,7,1,0
BRDA:41,8,0,0
BRDA:41,8,1,0
BRDA:42,9,0,0
BRDA:42,9,1,0
BRDA:42,9,2,0
BRDA:47,10,0,0
BRDA:47,10,1,0
BRDA:48,11,0,0
BRDA:48,11,1,0
BRDA:53,12,0,0
BRDA:53,12,1,0
BRDA:65,13,0,0
BRDA:65,13,1,0
BRDA:66,14,0,0
BRDA:66,14,1,0
BRDA:66,15,0,0
BRDA:66,15,1,0
BRDA:101,16,0,0
BRDA:101,16,1,0
BRDA:108,17,0,0
BRDA:108,17,1,0
BRDA:128,18,0,0
BRDA:128,18,1,0
BRDA:142,19,0,0
BRDA:142,19,1,0
BRDA:161,20,0,0
BRDA:161,20,1,0
BRDA:177,21,0,2
BRDA:177,21,1,0
BRDA:197,22,0,0
BRDA:197,22,1,0
BRDA:213,23,0,2
BRDA:213,23,1,0
BRDA:218,24,0,0
BRDA:218,24,1,0
BRDA:218,25,0,0
BRDA:218,25,1,0
BRDA:232,26,0,0
BRDA:232,26,1,0
BRDA:256,27,0,0
BRDA:256,27,1,0
BRDA:261,28,0,0
BRDA:261,28,1,0
BRDA:272,29,0,0
BRDA:272,29,1,0
BRDA:284,30,0,2
BRDA:284,30,1,0
BRDA:294,31,0,0
BRDA:294,31,1,0
BRDA:297,32,0,0
BRDA:297,32,1,0
BRDA:310,33,0,0
BRDA:310,33,1,0
BRDA:311,34,0,0
BRDA:311,34,1,0
BRDA:311,35,0,0
BRDA:311,35,1,0
BRDA:317,36,0,0
BRDA:317,36,1,0
BRF:75
BRH:3
end_of_record
TN:
SF:src\services\userService.ts
FN:6,fetchAllUsers
FN:15,fetchSupportAgents
FN:25,(anonymous_2)
FN:28,fetchUserProfile
FN:34,(anonymous_4)
FN:37,upsertUserProfile
FN:52,(anonymous_6)
FN:64,updateUserRole
FN:69,(anonymous_8)
FNF:9
FNH:0
FNDA:0,fetchAllUsers
FNDA:0,fetchSupportAgents
FNDA:0,(anonymous_2)
FNDA:0,fetchUserProfile
FNDA:0,(anonymous_4)
FNDA:0,upsertUserProfile
FNDA:0,(anonymous_6)
FNDA:0,updateUserRole
FNDA:0,(anonymous_8)
DA:7,0
DA:8,0
DA:9,0
DA:10,0
DA:12,0
DA:16,0
DA:17,0
DA:22,0
DA:23,0
DA:25,0
DA:29,0
DA:30,0
DA:31,0
DA:32,0
DA:34,0
DA:43,0
DA:44,0
DA:50,0
DA:52,0
DA:53,0
DA:54,0
DA:65,0
DA:66,0
DA:67,0
DA:69,0
DA:70,0
LF:26
LH:0
BRDA:9,0,0,0
BRDA:9,0,1,0
BRDA:10,1,0,0
BRDA:10,1,1,0
BRDA:10,2,0,0
BRDA:10,2,1,0
BRDA:22,3,0,0
BRDA:22,3,1,0
BRDA:23,4,0,0
BRDA:23,4,1,0
BRDA:23,5,0,0
BRDA:23,5,1,0
BRDA:31,6,0,0
BRDA:31,6,1,0
BRDA:32,7,0,0
BRDA:32,7,1,0
BRDA:34,8,0,0
BRDA:34,8,1,0
BRDA:50,9,0,0
BRDA:50,9,1,0
BRDA:52,10,0,0
BRDA:52,10,1,0
BRDA:53,11,0,0
BRDA:53,11,1,0
BRDA:67,12,0,0
BRDA:67,12,1,0
BRDA:70,13,0,0
BRDA:70,13,1,0
BRF:28
BRH:0
end_of_record
